#-----------------------------------------------------------
# Vivado v2018.3 (64-bit)
# SW Build 2405991 on Thu Dec  6 23:38:27 MST 2018
# IP Build 2404404 on Fri Dec  7 01:43:56 MST 2018
# Start of session at: Sat Jun 12 09:48:03 2021
# Process ID: 9780
# Current directory: C:/Users/KHJ/Desktop/HSD/HSD_LAB/lab10.3
# Command line: vivado.exe -gui_launcher_event rodinguilauncherevent22656 C:\Users\KHJ\Desktop\HSD\HSD_LAB\lab10.3\lab10.3.xpr
# Log file: C:/Users/KHJ/Desktop/HSD/HSD_LAB/lab10.3/vivado.log
# Journal file: C:/Users/KHJ/Desktop/HSD/HSD_LAB/lab10.3\vivado.jou
#-----------------------------------------------------------
start_gui
open_project C:/Users/KHJ/Desktop/HSD/HSD_LAB/lab10.3/lab10.3.xpr
Scanning sources...
Finished scanning sources
INFO: [IP_Flow 19-234] Refreshing IP repositories
INFO: [IP_Flow 19-1700] Loaded user IP repository 'c:/Users/KHJ/Desktop/HSD/HSD_LAB/lab10.3/lab10_ip_repo'.
INFO: [IP_Flow 19-2313] Loaded Vivado IP repository 'D:/xilinx/Vivado/2018.3/data/ip'.
open_project: Time (s): cpu = 00:00:12 ; elapsed = 00:00:06 . Memory (MB): peak = 707.273 ; gain = 98.609
update_compile_order -fileset sources_1
ipx::edit_ip_in_project -upgrade true -name myip_v1_0_project -directory C:/Users/KHJ/Desktop/HSD/HSD_LAB/lab10.3/lab10.3.tmp/myip_v1_0_project c:/Users/KHJ/Desktop/HSD/HSD_LAB/lab10.3/lab10_ip_repo/myip_1.0/component.xml
INFO: [IP_Flow 19-234] Refreshing IP repositories
INFO: [IP_Flow 19-1704] No user IP repositories specified
INFO: [IP_Flow 19-2313] Loaded Vivado IP repository 'D:/xilinx/Vivado/2018.3/data/ip'.
INFO: [IP_Flow 19-234] Refreshing IP repositories
INFO: [IP_Flow 19-1700] Loaded user IP repository 'c:/Users/KHJ/Desktop/HSD/HSD_LAB/lab10.3/lab10_ip_repo'.
INFO: [IP_Flow 19-795] Syncing license key meta-data
WARNING: [filemgmt 56-99] Vivado Synthesis ignores library specification for Verilog or SystemVerilog files. [c:/Users/KHJ/Desktop/HSD/HSD_LAB/lab10.3/lab10_ip_repo/myip_1.0/src/my_pe.v:]
WARNING: [filemgmt 56-99] Vivado Synthesis ignores library specification for Verilog or SystemVerilog files. [c:/Users/KHJ/Desktop/HSD/HSD_LAB/lab10.3/lab10_ip_repo/myip_1.0/src/my_pearray.v:]
WARNING: [filemgmt 56-99] Vivado Synthesis ignores library specification for Verilog or SystemVerilog files. [c:/Users/KHJ/Desktop/HSD/HSD_LAB/lab10.3/lab10_ip_repo/myip_1.0/hdl/myip_v1_0_S00_AXI.v:]
WARNING: [filemgmt 56-99] Vivado Synthesis ignores library specification for Verilog or SystemVerilog files. [c:/Users/KHJ/Desktop/HSD/HSD_LAB/lab10.3/lab10_ip_repo/myip_1.0/src/pe_controller.v:]
WARNING: [filemgmt 56-99] Vivado Synthesis ignores library specification for Verilog or SystemVerilog files. [c:/Users/KHJ/Desktop/HSD/HSD_LAB/lab10.3/lab10_ip_repo/myip_1.0/hdl/myip_v1_0.v:]
ipx::edit_ip_in_project: Time (s): cpu = 00:00:12 ; elapsed = 00:00:07 . Memory (MB): peak = 873.723 ; gain = 46.184
update_compile_order -fileset sources_1
update_compile_order -fileset sources_1
update_compile_order -fileset sources_1
launch_runs impl_1 -to_step write_bitstream -jobs 12
WARNING: [filemgmt 56-99] Vivado Synthesis ignores library specification for Verilog or SystemVerilog files. [c:/Users/KHJ/Desktop/HSD/HSD_LAB/lab10.3/lab10_ip_repo/myip_1.0/src/my_pe.v:]
WARNING: [filemgmt 56-99] Vivado Synthesis ignores library specification for Verilog or SystemVerilog files. [c:/Users/KHJ/Desktop/HSD/HSD_LAB/lab10.3/lab10_ip_repo/myip_1.0/src/my_pearray.v:]
WARNING: [filemgmt 56-99] Vivado Synthesis ignores library specification for Verilog or SystemVerilog files. [c:/Users/KHJ/Desktop/HSD/HSD_LAB/lab10.3/lab10_ip_repo/myip_1.0/hdl/myip_v1_0_S00_AXI.v:]
WARNING: [filemgmt 56-99] Vivado Synthesis ignores library specification for Verilog or SystemVerilog files. [c:/Users/KHJ/Desktop/HSD/HSD_LAB/lab10.3/lab10_ip_repo/myip_1.0/src/pe_controller.v:]
WARNING: [filemgmt 56-99] Vivado Synthesis ignores library specification for Verilog or SystemVerilog files. [c:/Users/KHJ/Desktop/HSD/HSD_LAB/lab10.3/lab10_ip_repo/myip_1.0/hdl/myip_v1_0.v:]
WARNING: [filemgmt 56-99] Vivado Synthesis ignores library specification for Verilog or SystemVerilog files. [c:/Users/KHJ/Desktop/HSD/HSD_LAB/lab10.3/lab10_ip_repo/myip_1.0/src/my_pe.v:]
WARNING: [filemgmt 56-99] Vivado Synthesis ignores library specification for Verilog or SystemVerilog files. [c:/Users/KHJ/Desktop/HSD/HSD_LAB/lab10.3/lab10_ip_repo/myip_1.0/src/my_pearray.v:]
WARNING: [filemgmt 56-99] Vivado Synthesis ignores library specification for Verilog or SystemVerilog files. [c:/Users/KHJ/Desktop/HSD/HSD_LAB/lab10.3/lab10_ip_repo/myip_1.0/hdl/myip_v1_0_S00_AXI.v:]
WARNING: [filemgmt 56-99] Vivado Synthesis ignores library specification for Verilog or SystemVerilog files. [c:/Users/KHJ/Desktop/HSD/HSD_LAB/lab10.3/lab10_ip_repo/myip_1.0/src/pe_controller.v:]
WARNING: [filemgmt 56-99] Vivado Synthesis ignores library specification for Verilog or SystemVerilog files. [c:/Users/KHJ/Desktop/HSD/HSD_LAB/lab10.3/lab10_ip_repo/myip_1.0/hdl/myip_v1_0.v:]
WARNING: [filemgmt 56-99] Vivado Synthesis ignores library specification for Verilog or SystemVerilog files. [c:/Users/KHJ/Desktop/HSD/HSD_LAB/lab10.3/lab10_ip_repo/myip_1.0/src/my_pe.v:]
WARNING: [filemgmt 56-99] Vivado Synthesis ignores library specification for Verilog or SystemVerilog files. [c:/Users/KHJ/Desktop/HSD/HSD_LAB/lab10.3/lab10_ip_repo/myip_1.0/src/my_pearray.v:]
WARNING: [filemgmt 56-99] Vivado Synthesis ignores library specification for Verilog or SystemVerilog files. [c:/Users/KHJ/Desktop/HSD/HSD_LAB/lab10.3/lab10_ip_repo/myip_1.0/hdl/myip_v1_0_S00_AXI.v:]
WARNING: [filemgmt 56-99] Vivado Synthesis ignores library specification for Verilog or SystemVerilog files. [c:/Users/KHJ/Desktop/HSD/HSD_LAB/lab10.3/lab10_ip_repo/myip_1.0/src/pe_controller.v:]
WARNING: [filemgmt 56-99] Vivado Synthesis ignores library specification for Verilog or SystemVerilog files. [c:/Users/KHJ/Desktop/HSD/HSD_LAB/lab10.3/lab10_ip_repo/myip_1.0/hdl/myip_v1_0.v:]
WARNING: [filemgmt 56-99] Vivado Synthesis ignores library specification for Verilog or SystemVerilog files. [c:/Users/KHJ/Desktop/HSD/HSD_LAB/lab10.3/lab10_ip_repo/myip_1.0/src/my_pe.v:]
WARNING: [filemgmt 56-99] Vivado Synthesis ignores library specification for Verilog or SystemVerilog files. [c:/Users/KHJ/Desktop/HSD/HSD_LAB/lab10.3/lab10_ip_repo/myip_1.0/src/my_pearray.v:]
WARNING: [filemgmt 56-99] Vivado Synthesis ignores library specification for Verilog or SystemVerilog files. [c:/Users/KHJ/Desktop/HSD/HSD_LAB/lab10.3/lab10_ip_repo/myip_1.0/hdl/myip_v1_0_S00_AXI.v:]
WARNING: [filemgmt 56-99] Vivado Synthesis ignores library specification for Verilog or SystemVerilog files. [c:/Users/KHJ/Desktop/HSD/HSD_LAB/lab10.3/lab10_ip_repo/myip_1.0/src/pe_controller.v:]
WARNING: [filemgmt 56-99] Vivado Synthesis ignores library specification for Verilog or SystemVerilog files. [c:/Users/KHJ/Desktop/HSD/HSD_LAB/lab10.3/lab10_ip_repo/myip_1.0/hdl/myip_v1_0.v:]
[Sat Jun 12 10:08:01 2021] Launched synth_1...
Run output will be captured here: c:/users/khj/desktop/hsd/hsd_lab/lab10.3/lab10.3.tmp/myip_v1_0_project/myip_v1_0_project.runs/synth_1/runme.log
[Sat Jun 12 10:08:01 2021] Launched impl_1...
Run output will be captured here: c:/users/khj/desktop/hsd/hsd_lab/lab10.3/lab10.3.tmp/myip_v1_0_project/myip_v1_0_project.runs/impl_1/runme.log
reset_run synth_1
WARNING: [Vivado 12-1017] Problems encountered:
1. PID not specified

close_project
update_ip_catalog -rebuild -scan_changes
INFO: [IP_Flow 19-234] Refreshing IP repositories
INFO: [IP_Flow 19-1700] Loaded user IP repository 'c:/Users/KHJ/Desktop/HSD/HSD_LAB/lab10.3/lab10_ip_repo'.
report_ip_status -name ip_status
ipx::edit_ip_in_project -upgrade true -name myip_v1_0_project -directory C:/Users/KHJ/Desktop/HSD/HSD_LAB/lab10.3/lab10.3.tmp/myip_v1_0_project c:/Users/KHJ/Desktop/HSD/HSD_LAB/lab10.3/lab10_ip_repo/myip_1.0/component.xml
ERROR: [Project 1-161] Failed to remove the directory 'c:/users/khj/desktop/hsd/hsd_lab/lab10.3/lab10.3.tmp/myip_v1_0_project/myip_v1_0_project.runs'. The directory might be in use by some other process.
ERROR: [Ipptcl 7-562] Cannot create project 'myip_v1_0_project'.
ERROR: [Common 17-39] 'ipx::edit_ip_in_project' failed due to earlier errors.
ipx::edit_ip_in_project -upgrade true -name myip_v1_0_project -directory C:/Users/KHJ/Desktop/HSD/HSD_LAB/lab10.3/lab10.3.tmp/myip_v1_0_project c:/Users/KHJ/Desktop/HSD/HSD_LAB/lab10.3/lab10_ip_repo/myip_1.0/component.xml
ERROR: [Project 1-161] Failed to remove the directory 'c:/users/khj/desktop/hsd/hsd_lab/lab10.3/lab10.3.tmp/myip_v1_0_project/myip_v1_0_project.runs'. The directory might be in use by some other process.
ERROR: [Ipptcl 7-562] Cannot create project 'myip_v1_0_project'.
ERROR: [Common 17-39] 'ipx::edit_ip_in_project' failed due to earlier errors.
upgrade_ip -vlnv user.org:user:myip:1.0 [get_ips  design_1_myip_0_0] -log ip_upgrade.log
Adding cell -- xilinx.com:ip:axi_bram_ctrl:4.1 - axi_bram_ctrl_0
Adding cell -- xilinx.com:ip:axi_interconnect:2.1 - axi_mem_intercon
Adding cell -- xilinx.com:ip:axi_crossbar:2.1 - xbar
Adding cell -- xilinx.com:ip:axi_protocol_converter:2.1 - auto_pc
Adding cell -- xilinx.com:ip:axi_protocol_converter:2.1 - auto_pc
Adding cell -- xilinx.com:ip:blk_mem_gen:8.4 - blk_mem_gen_0
Adding cell -- xilinx.com:ip:processing_system7:5.5 - processing_system7_0
Adding cell -- xilinx.com:ip:proc_sys_reset:5.0 - rst_ps7_0_50M
Adding cell -- user.org:user:myip:1.0 - myip_0
Successfully read diagram <design_1> from BD file <C:/Users/KHJ/Desktop/HSD/HSD_LAB/lab10.3/lab10.3.srcs/sources_1/bd/design_1/design_1.bd>
Upgrading 'C:/Users/KHJ/Desktop/HSD/HSD_LAB/lab10.3/lab10.3.srcs/sources_1/bd/design_1/design_1.bd'
INFO: [IP_Flow 19-1972] Upgraded design_1_myip_0_0 from myip_v1.0 1.0 to myip_v1.0 1.0
Wrote  : <C:\Users\KHJ\Desktop\HSD\HSD_LAB\lab10.3\lab10.3.srcs\sources_1\bd\design_1\design_1.bd> 
Wrote  : <C:/Users/KHJ/Desktop/HSD/HSD_LAB/lab10.3/lab10.3.srcs/sources_1/bd/design_1/ui/bd_1f5defd0.ui> 
INFO: [Coretcl 2-1525] Wrote upgrade log to 'C:/Users/KHJ/Desktop/HSD/HSD_LAB/lab10.3/ip_upgrade.log'.
upgrade_ip: Time (s): cpu = 00:00:09 ; elapsed = 00:00:07 . Memory (MB): peak = 994.098 ; gain = 81.191
export_ip_user_files -of_objects [get_ips design_1_myip_0_0] -no_script -sync -force -quiet
generate_target all [get_files  C:/Users/KHJ/Desktop/HSD/HSD_LAB/lab10.3/lab10.3.srcs/sources_1/bd/design_1/design_1.bd]
WARNING: [BD 41-2180] Resetting the memory initialization file of </blk_mem_gen_0> to default.
Wrote  : <C:\Users\KHJ\Desktop\HSD\HSD_LAB\lab10.3\lab10.3.srcs\sources_1\bd\design_1\design_1.bd> 
WARNING: [BD 41-235] Width mismatch when connecting pin: '/blk_mem_gen_0/addra'(32) to net 'axi_bram_ctrl_0_BRAM_PORTA_ADDR'(13) - Only lower order bits will be connected.
VHDL Output written to : C:/Users/KHJ/Desktop/HSD/HSD_LAB/lab10.3/lab10.3.srcs/sources_1/bd/design_1/synth/design_1.v
WARNING: [BD 41-235] Width mismatch when connecting pin: '/blk_mem_gen_0/addra'(32) to net 'axi_bram_ctrl_0_BRAM_PORTA_ADDR'(13) - Only lower order bits will be connected.
VHDL Output written to : C:/Users/KHJ/Desktop/HSD/HSD_LAB/lab10.3/lab10.3.srcs/sources_1/bd/design_1/sim/design_1.v
VHDL Output written to : C:/Users/KHJ/Desktop/HSD/HSD_LAB/lab10.3/lab10.3.srcs/sources_1/bd/design_1/hdl/design_1_wrapper.v
INFO: [BD 41-1029] Generation completed for the IP Integrator block axi_bram_ctrl_0 .
INFO: [BD 41-1029] Generation completed for the IP Integrator block axi_mem_intercon/xbar .
INFO: [BD 41-1029] Generation completed for the IP Integrator block blk_mem_gen_0 .
INFO: [BD 41-1029] Generation completed for the IP Integrator block myip_0 .
INFO: [BD 41-1029] Generation completed for the IP Integrator block processing_system7_0 .
INFO: [BD 41-1029] Generation completed for the IP Integrator block rst_ps7_0_50M .
WARNING: [IP_Flow 19-4994] Overwriting existing constraint file 'c:/Users/KHJ/Desktop/HSD/HSD_LAB/lab10.3/lab10.3.srcs/sources_1/bd/design_1/ip/design_1_auto_pc_1/design_1_auto_pc_1_ooc.xdc'
INFO: [BD 41-1029] Generation completed for the IP Integrator block axi_mem_intercon/s00_couplers/auto_pc .
WARNING: [IP_Flow 19-4994] Overwriting existing constraint file 'c:/Users/KHJ/Desktop/HSD/HSD_LAB/lab10.3/lab10.3.srcs/sources_1/bd/design_1/ip/design_1_auto_pc_0/design_1_auto_pc_0_ooc.xdc'
INFO: [BD 41-1029] Generation completed for the IP Integrator block axi_mem_intercon/m01_couplers/auto_pc .
Exporting to file C:/Users/KHJ/Desktop/HSD/HSD_LAB/lab10.3/lab10.3.srcs/sources_1/bd/design_1/hw_handoff/design_1.hwh
Generated Block Design Tcl file C:/Users/KHJ/Desktop/HSD/HSD_LAB/lab10.3/lab10.3.srcs/sources_1/bd/design_1/hw_handoff/design_1_bd.tcl
Generated Hardware Definition File C:/Users/KHJ/Desktop/HSD/HSD_LAB/lab10.3/lab10.3.srcs/sources_1/bd/design_1/synth/design_1.hwdef
generate_target: Time (s): cpu = 00:00:09 ; elapsed = 00:00:10 . Memory (MB): peak = 1254.094 ; gain = 259.996
export_ip_user_files -of_objects [get_files C:/Users/KHJ/Desktop/HSD/HSD_LAB/lab10.3/lab10.3.srcs/sources_1/bd/design_1/design_1.bd] -no_script -sync -force -quiet
export_simulation -of_objects [get_files C:/Users/KHJ/Desktop/HSD/HSD_LAB/lab10.3/lab10.3.srcs/sources_1/bd/design_1/design_1.bd] -directory C:/Users/KHJ/Desktop/HSD/HSD_LAB/lab10.3/lab10.3.ip_user_files/sim_scripts -ip_user_files_dir C:/Users/KHJ/Desktop/HSD/HSD_LAB/lab10.3/lab10.3.ip_user_files -ipstatic_source_dir C:/Users/KHJ/Desktop/HSD/HSD_LAB/lab10.3/lab10.3.ip_user_files/ipstatic -lib_map_path [list {modelsim=C:/Users/KHJ/Desktop/HSD/HSD_LAB/lab10.3/lab10.3.cache/compile_simlib/modelsim} {questa=C:/Users/KHJ/Desktop/HSD/HSD_LAB/lab10.3/lab10.3.cache/compile_simlib/questa} {riviera=C:/Users/KHJ/Desktop/HSD/HSD_LAB/lab10.3/lab10.3.cache/compile_simlib/riviera} {activehdl=C:/Users/KHJ/Desktop/HSD/HSD_LAB/lab10.3/lab10.3.cache/compile_simlib/activehdl}] -use_ip_compiled_libs -force -quiet
report_ip_status -name ip_status 
ipx::edit_ip_in_project -upgrade true -name myip_v1_0_project -directory C:/Users/KHJ/Desktop/HSD/HSD_LAB/lab10.3/lab10.3.tmp/myip_v1_0_project c:/Users/KHJ/Desktop/HSD/HSD_LAB/lab10.3/lab10_ip_repo/myip_1.0/component.xml
INFO: [IP_Flow 19-234] Refreshing IP repositories
INFO: [IP_Flow 19-1704] No user IP repositories specified
INFO: [IP_Flow 19-2313] Loaded Vivado IP repository 'D:/xilinx/Vivado/2018.3/data/ip'.
INFO: [IP_Flow 19-234] Refreshing IP repositories
INFO: [IP_Flow 19-1700] Loaded user IP repository 'c:/Users/KHJ/Desktop/HSD/HSD_LAB/lab10.3/lab10_ip_repo'.
INFO: [IP_Flow 19-795] Syncing license key meta-data
WARNING: [filemgmt 56-99] Vivado Synthesis ignores library specification for Verilog or SystemVerilog files. [c:/Users/KHJ/Desktop/HSD/HSD_LAB/lab10.3/lab10_ip_repo/myip_1.0/src/my_pe.v:]
WARNING: [filemgmt 56-99] Vivado Synthesis ignores library specification for Verilog or SystemVerilog files. [c:/Users/KHJ/Desktop/HSD/HSD_LAB/lab10.3/lab10_ip_repo/myip_1.0/src/my_pearray.v:]
WARNING: [filemgmt 56-99] Vivado Synthesis ignores library specification for Verilog or SystemVerilog files. [c:/Users/KHJ/Desktop/HSD/HSD_LAB/lab10.3/lab10_ip_repo/myip_1.0/hdl/myip_v1_0_S00_AXI.v:]
WARNING: [filemgmt 56-99] Vivado Synthesis ignores library specification for Verilog or SystemVerilog files. [c:/Users/KHJ/Desktop/HSD/HSD_LAB/lab10.3/lab10_ip_repo/myip_1.0/src/pe_controller.v:]
WARNING: [filemgmt 56-99] Vivado Synthesis ignores library specification for Verilog or SystemVerilog files. [c:/Users/KHJ/Desktop/HSD/HSD_LAB/lab10.3/lab10_ip_repo/myip_1.0/hdl/myip_v1_0.v:]
ipx::edit_ip_in_project: Time (s): cpu = 00:00:06 ; elapsed = 00:00:05 . Memory (MB): peak = 1305.066 ; gain = 0.000
update_compile_order -fileset sources_1
close_project
reset_run synth_1
launch_runs impl_1 -to_step write_bitstream -jobs 12
[Sat Jun 12 10:11:45 2021] Launched synth_1...
Run output will be captured here: C:/Users/KHJ/Desktop/HSD/HSD_LAB/lab10.3/lab10.3.runs/synth_1/runme.log
[Sat Jun 12 10:11:45 2021] Launched impl_1...
Run output will be captured here: C:/Users/KHJ/Desktop/HSD/HSD_LAB/lab10.3/lab10.3.runs/impl_1/runme.log
open_run impl_1
INFO: [Netlist 29-17] Analyzing 5751 Unisim elements for replacement
INFO: [Netlist 29-28] Unisim Transformation completed in 0 CPU seconds
INFO: [Project 1-479] Netlist was created with Vivado 2018.3
INFO: [Device 21-403] Loading part xc7z020clg484-1
INFO: [Project 1-570] Preparing netlist for logic optimization
INFO: [Timing 38-478] Restoring timing data from binary archive.
INFO: [Timing 38-479] Binary timing data restore complete.
INFO: [Project 1-856] Restoring constraints from binary archive.
INFO: [Project 1-853] Binary constraint restore complete.
Reading XDEF placement.
Reading placer database...
Reading XDEF routing.
Read XDEF File: Time (s): cpu = 00:00:09 ; elapsed = 00:00:09 . Memory (MB): peak = 2901.746 ; gain = 29.695
Restored from archive | CPU: 9.000000 secs | Memory: 0.000000 MB |
Finished XDEF File Restore: Time (s): cpu = 00:00:09 ; elapsed = 00:00:09 . Memory (MB): peak = 2901.746 ; gain = 29.695
Generating merged BMM file for the design top 'design_1_wrapper'...
Netlist sorting complete. Time (s): cpu = 00:00:01 ; elapsed = 00:00:00.223 . Memory (MB): peak = 2901.746 ; gain = 0.000
INFO: [Project 1-111] Unisim Transformation Summary:
  A total of 2 instances were transformed.
  SRLC32E => SRL16E: 2 instances

open_run: Time (s): cpu = 00:01:17 ; elapsed = 00:01:09 . Memory (MB): peak = 2954.035 ; gain = 1544.723
WARNING: [Designutils 20-3303] unexpected site type 'IOPAD' in HDPYFinalizeIO
WARNING: [Designutils 20-3303] unexpected site type 'IOPAD' in HDPYFinalizeIO
WARNING: [Designutils 20-3303] unexpected site type 'IOPAD' in HDPYFinalizeIO
WARNING: [Designutils 20-3303] unexpected site type 'IOPAD' in HDPYFinalizeIO
WARNING: [Designutils 20-3303] unexpected site type 'IOPAD' in HDPYFinalizeIO
WARNING: [Designutils 20-3303] unexpected site type 'IOPAD' in HDPYFinalizeIO
WARNING: [Designutils 20-3303] unexpected site type 'IOPAD' in HDPYFinalizeIO
WARNING: [Designutils 20-3303] unexpected site type 'IOPAD' in HDPYFinalizeIO
WARNING: [Designutils 20-3303] unexpected site type 'IOPAD' in HDPYFinalizeIO
WARNING: [Designutils 20-3303] unexpected site type 'IOPAD' in HDPYFinalizeIO
WARNING: [Designutils 20-3303] unexpected site type 'IOPAD' in HDPYFinalizeIO
WARNING: [Designutils 20-3303] unexpected site type 'IOPAD' in HDPYFinalizeIO
WARNING: [Designutils 20-3303] unexpected site type 'IOPAD' in HDPYFinalizeIO
WARNING: [Designutils 20-3303] unexpected site type 'IOPAD' in HDPYFinalizeIO
WARNING: [Designutils 20-3303] unexpected site type 'IOPAD' in HDPYFinalizeIO
WARNING: [Designutils 20-3303] unexpected site type 'IOPAD' in HDPYFinalizeIO
WARNING: [Designutils 20-3303] unexpected site type 'IOPAD' in HDPYFinalizeIO
WARNING: [Designutils 20-3303] unexpected site type 'IOPAD' in HDPYFinalizeIO
WARNING: [Designutils 20-3303] unexpected site type 'IOPAD' in HDPYFinalizeIO
WARNING: [Designutils 20-3303] unexpected site type 'IOPAD' in HDPYFinalizeIO
WARNING: [Designutils 20-3303] unexpected site type 'IOPAD' in HDPYFinalizeIO
WARNING: [Designutils 20-3303] unexpected site type 'IOPAD' in HDPYFinalizeIO
WARNING: [Designutils 20-3303] unexpected site type 'IOPAD' in HDPYFinalizeIO
WARNING: [Designutils 20-3303] unexpected site type 'IOPAD' in HDPYFinalizeIO
WARNING: [Designutils 20-3303] unexpected site type 'IOPAD' in HDPYFinalizeIO
WARNING: [Designutils 20-3303] unexpected site type 'IOPAD' in HDPYFinalizeIO
WARNING: [Designutils 20-3303] unexpected site type 'IOPAD' in HDPYFinalizeIO
WARNING: [Designutils 20-3303] unexpected site type 'IOPAD' in HDPYFinalizeIO
WARNING: [Designutils 20-3303] unexpected site type 'IOPAD' in HDPYFinalizeIO
WARNING: [Designutils 20-3303] unexpected site type 'IOPAD' in HDPYFinalizeIO
WARNING: [Designutils 20-3303] unexpected site type 'IOPAD' in HDPYFinalizeIO
WARNING: [Designutils 20-3303] unexpected site type 'IOPAD' in HDPYFinalizeIO
WARNING: [Designutils 20-3303] unexpected site type 'IOPAD' in HDPYFinalizeIO
WARNING: [Designutils 20-3303] unexpected site type 'IOPAD' in HDPYFinalizeIO
WARNING: [Designutils 20-3303] unexpected site type 'IOPAD' in HDPYFinalizeIO
WARNING: [Designutils 20-3303] unexpected site type 'IOPAD' in HDPYFinalizeIO
WARNING: [Designutils 20-3303] unexpected site type 'IOPAD' in HDPYFinalizeIO
WARNING: [Designutils 20-3303] unexpected site type 'IOPAD' in HDPYFinalizeIO
WARNING: [Designutils 20-3303] unexpected site type 'IOPAD' in HDPYFinalizeIO
WARNING: [Designutils 20-3303] unexpected site type 'IOPAD' in HDPYFinalizeIO
WARNING: [Designutils 20-3303] unexpected site type 'IOPAD' in HDPYFinalizeIO
WARNING: [Designutils 20-3303] unexpected site type 'IOPAD' in HDPYFinalizeIO
WARNING: [Designutils 20-3303] unexpected site type 'IOPAD' in HDPYFinalizeIO
WARNING: [Designutils 20-3303] unexpected site type 'IOPAD' in HDPYFinalizeIO
WARNING: [Designutils 20-3303] unexpected site type 'IOPAD' in HDPYFinalizeIO
WARNING: [Designutils 20-3303] unexpected site type 'IOPAD' in HDPYFinalizeIO
WARNING: [Designutils 20-3303] unexpected site type 'IOPAD' in HDPYFinalizeIO
WARNING: [Designutils 20-3303] unexpected site type 'IOPAD' in HDPYFinalizeIO
WARNING: [Designutils 20-3303] unexpected site type 'IOPAD' in HDPYFinalizeIO
WARNING: [Designutils 20-3303] unexpected site type 'IOPAD' in HDPYFinalizeIO
WARNING: [Designutils 20-3303] unexpected site type 'IOPAD' in HDPYFinalizeIO
WARNING: [Designutils 20-3303] unexpected site type 'IOPAD' in HDPYFinalizeIO
WARNING: [Designutils 20-3303] unexpected site type 'IOPAD' in HDPYFinalizeIO
WARNING: [Designutils 20-3303] unexpected site type 'IOPAD' in HDPYFinalizeIO
WARNING: [Designutils 20-3303] unexpected site type 'IOPAD' in HDPYFinalizeIO
WARNING: [Designutils 20-3303] unexpected site type 'IOPAD' in HDPYFinalizeIO
WARNING: [Designutils 20-3303] unexpected site type 'IOPAD' in HDPYFinalizeIO
WARNING: [Designutils 20-3303] unexpected site type 'IOPAD' in HDPYFinalizeIO
WARNING: [Designutils 20-3303] unexpected site type 'IOPAD' in HDPYFinalizeIO
WARNING: [Designutils 20-3303] unexpected site type 'IOPAD' in HDPYFinalizeIO
WARNING: [Designutils 20-3303] unexpected site type 'IOPAD' in HDPYFinalizeIO
WARNING: [Designutils 20-3303] unexpected site type 'IOPAD' in HDPYFinalizeIO
WARNING: [Designutils 20-3303] unexpected site type 'IOPAD' in HDPYFinalizeIO
WARNING: [Designutils 20-3303] unexpected site type 'IOPAD' in HDPYFinalizeIO
WARNING: [Designutils 20-3303] unexpected site type 'IOPAD' in HDPYFinalizeIO
WARNING: [Designutils 20-3303] unexpected site type 'IOPAD' in HDPYFinalizeIO
WARNING: [Designutils 20-3303] unexpected site type 'IOPAD' in HDPYFinalizeIO
WARNING: [Designutils 20-3303] unexpected site type 'IOPAD' in HDPYFinalizeIO
WARNING: [Designutils 20-3303] unexpected site type 'IOPAD' in HDPYFinalizeIO
WARNING: [Designutils 20-3303] unexpected site type 'IOPAD' in HDPYFinalizeIO
WARNING: [Designutils 20-3303] unexpected site type 'IOPAD' in HDPYFinalizeIO
WARNING: [Designutils 20-3303] unexpected site type 'IOPAD' in HDPYFinalizeIO
WARNING: [Designutils 20-3303] unexpected site type 'IOPAD' in HDPYFinalizeIO
WARNING: [Designutils 20-3303] unexpected site type 'IOPAD' in HDPYFinalizeIO
WARNING: [Designutils 20-3303] unexpected site type 'IOPAD' in HDPYFinalizeIO
WARNING: [Designutils 20-3303] unexpected site type 'IOPAD' in HDPYFinalizeIO
WARNING: [Designutils 20-3303] unexpected site type 'IOPAD' in HDPYFinalizeIO
WARNING: [Designutils 20-3303] unexpected site type 'IOPAD' in HDPYFinalizeIO
WARNING: [Designutils 20-3303] unexpected site type 'IOPAD' in HDPYFinalizeIO
WARNING: [Designutils 20-3303] unexpected site type 'IOPAD' in HDPYFinalizeIO
WARNING: [Designutils 20-3303] unexpected site type 'IOPAD' in HDPYFinalizeIO
WARNING: [Designutils 20-3303] unexpected site type 'IOPAD' in HDPYFinalizeIO
WARNING: [Designutils 20-3303] unexpected site type 'IOPAD' in HDPYFinalizeIO
WARNING: [Designutils 20-3303] unexpected site type 'IOPAD' in HDPYFinalizeIO
WARNING: [Designutils 20-3303] unexpected site type 'IOPAD' in HDPYFinalizeIO
WARNING: [Designutils 20-3303] unexpected site type 'IOPAD' in HDPYFinalizeIO
WARNING: [Designutils 20-3303] unexpected site type 'IOPAD' in HDPYFinalizeIO
WARNING: [Designutils 20-3303] unexpected site type 'IOPAD' in HDPYFinalizeIO
WARNING: [Designutils 20-3303] unexpected site type 'IOPAD' in HDPYFinalizeIO
WARNING: [Designutils 20-3303] unexpected site type 'IOPAD' in HDPYFinalizeIO
WARNING: [Designutils 20-3303] unexpected site type 'IOPAD' in HDPYFinalizeIO
WARNING: [Designutils 20-3303] unexpected site type 'IOPAD' in HDPYFinalizeIO
WARNING: [Designutils 20-3303] unexpected site type 'IOPAD' in HDPYFinalizeIO
WARNING: [Designutils 20-3303] unexpected site type 'IOPAD' in HDPYFinalizeIO
WARNING: [Designutils 20-3303] unexpected site type 'IOPAD' in HDPYFinalizeIO
WARNING: [Designutils 20-3303] unexpected site type 'IOPAD' in HDPYFinalizeIO
WARNING: [Designutils 20-3303] unexpected site type 'IOPAD' in HDPYFinalizeIO
WARNING: [Designutils 20-3303] unexpected site type 'IOPAD' in HDPYFinalizeIO
WARNING: [Designutils 20-3303] unexpected site type 'IOPAD' in HDPYFinalizeIO
WARNING: [Designutils 20-3303] unexpected site type 'IOPAD' in HDPYFinalizeIO
INFO: [Common 17-14] Message 'Designutils 20-3303' appears 100 times and further instances of the messages will be disabled. Use the Tcl command set_msg_config to change the current settings.
INFO: [Common 17-41] Interrupt caught. Command should exit soon.
open_report: Time (s): cpu = 00:00:52 ; elapsed = 00:00:22 . Memory (MB): peak = 3397.711 ; gain = 404.137
INFO: [Common 17-344] 'open_report' was cancelled
close_design
ipx::edit_ip_in_project -upgrade true -name myip_v1_0_project -directory C:/Users/KHJ/Desktop/HSD/HSD_LAB/lab10.3/lab10.3.tmp/myip_v1_0_project c:/Users/KHJ/Desktop/HSD/HSD_LAB/lab10.3/lab10_ip_repo/myip_1.0/component.xml
INFO: [IP_Flow 19-234] Refreshing IP repositories
INFO: [IP_Flow 19-1704] No user IP repositories specified
INFO: [IP_Flow 19-2313] Loaded Vivado IP repository 'D:/xilinx/Vivado/2018.3/data/ip'.
INFO: [IP_Flow 19-234] Refreshing IP repositories
INFO: [IP_Flow 19-1700] Loaded user IP repository 'c:/Users/KHJ/Desktop/HSD/HSD_LAB/lab10.3/lab10_ip_repo'.
INFO: [IP_Flow 19-795] Syncing license key meta-data
WARNING: [filemgmt 56-99] Vivado Synthesis ignores library specification for Verilog or SystemVerilog files. [c:/Users/KHJ/Desktop/HSD/HSD_LAB/lab10.3/lab10_ip_repo/myip_1.0/src/my_pe.v:]
WARNING: [filemgmt 56-99] Vivado Synthesis ignores library specification for Verilog or SystemVerilog files. [c:/Users/KHJ/Desktop/HSD/HSD_LAB/lab10.3/lab10_ip_repo/myip_1.0/src/my_pearray.v:]
WARNING: [filemgmt 56-99] Vivado Synthesis ignores library specification for Verilog or SystemVerilog files. [c:/Users/KHJ/Desktop/HSD/HSD_LAB/lab10.3/lab10_ip_repo/myip_1.0/hdl/myip_v1_0_S00_AXI.v:]
WARNING: [filemgmt 56-99] Vivado Synthesis ignores library specification for Verilog or SystemVerilog files. [c:/Users/KHJ/Desktop/HSD/HSD_LAB/lab10.3/lab10_ip_repo/myip_1.0/src/pe_controller.v:]
WARNING: [filemgmt 56-99] Vivado Synthesis ignores library specification for Verilog or SystemVerilog files. [c:/Users/KHJ/Desktop/HSD/HSD_LAB/lab10.3/lab10_ip_repo/myip_1.0/hdl/myip_v1_0.v:]
ipx::edit_ip_in_project: Time (s): cpu = 00:00:06 ; elapsed = 00:00:06 . Memory (MB): peak = 3491.305 ; gain = 0.000
update_compile_order -fileset sources_1
close_project
ipx::edit_ip_in_project -upgrade true -name myip_v1_0_project -directory C:/Users/KHJ/Desktop/HSD/HSD_LAB/lab10.3/lab10.3.tmp/myip_v1_0_project c:/Users/KHJ/Desktop/HSD/HSD_LAB/lab10.3/lab10_ip_repo/myip_1.0/component.xml
INFO: [IP_Flow 19-234] Refreshing IP repositories
INFO: [IP_Flow 19-1704] No user IP repositories specified
INFO: [IP_Flow 19-2313] Loaded Vivado IP repository 'D:/xilinx/Vivado/2018.3/data/ip'.
INFO: [IP_Flow 19-234] Refreshing IP repositories
INFO: [IP_Flow 19-1700] Loaded user IP repository 'c:/Users/KHJ/Desktop/HSD/HSD_LAB/lab10.3/lab10_ip_repo'.
INFO: [IP_Flow 19-795] Syncing license key meta-data
WARNING: [filemgmt 56-99] Vivado Synthesis ignores library specification for Verilog or SystemVerilog files. [c:/Users/KHJ/Desktop/HSD/HSD_LAB/lab10.3/lab10_ip_repo/myip_1.0/src/my_pe.v:]
WARNING: [filemgmt 56-99] Vivado Synthesis ignores library specification for Verilog or SystemVerilog files. [c:/Users/KHJ/Desktop/HSD/HSD_LAB/lab10.3/lab10_ip_repo/myip_1.0/src/my_pearray.v:]
WARNING: [filemgmt 56-99] Vivado Synthesis ignores library specification for Verilog or SystemVerilog files. [c:/Users/KHJ/Desktop/HSD/HSD_LAB/lab10.3/lab10_ip_repo/myip_1.0/hdl/myip_v1_0_S00_AXI.v:]
WARNING: [filemgmt 56-99] Vivado Synthesis ignores library specification for Verilog or SystemVerilog files. [c:/Users/KHJ/Desktop/HSD/HSD_LAB/lab10.3/lab10_ip_repo/myip_1.0/src/pe_controller.v:]
WARNING: [filemgmt 56-99] Vivado Synthesis ignores library specification for Verilog or SystemVerilog files. [c:/Users/KHJ/Desktop/HSD/HSD_LAB/lab10.3/lab10_ip_repo/myip_1.0/hdl/myip_v1_0.v:]
ipx::edit_ip_in_project: Time (s): cpu = 00:00:06 ; elapsed = 00:00:05 . Memory (MB): peak = 3491.305 ; gain = 0.000
update_compile_order -fileset sources_1
current_project lab10.3
current_project myip_v1_0_project
ipx::merge_project_changes files [ipx::current_core]
WARNING: [IP_Flow 19-4963] floating_point_0 has board value specified. The packaged IP will be restricted to usage with board 'em.avnet.com:zed:part0:1.4'
WARNING: [IP_Flow 19-5226] Project source file 'c:/Users/KHJ/Desktop/HSD/HSD_LAB/lab10.3/lab10_ip_repo/myip_1.0/component.xml' ignored by IP packager.
set_property core_revision 8 [ipx::current_core]
ipx::update_source_project_archive -component [ipx::current_core]
ipx::create_xgui_files [ipx::current_core]
ipx::update_checksums [ipx::current_core]
ipx::save_core [ipx::current_core]
ipx::move_temp_component_back -component [ipx::current_core]
close_project -delete
update_ip_catalog -rebuild -repo_path c:/Users/KHJ/Desktop/HSD/HSD_LAB/lab10.3/lab10_ip_repo
INFO: [IP_Flow 19-725] Reloaded user IP repository 'c:/Users/KHJ/Desktop/HSD/HSD_LAB/lab10.3/lab10_ip_repo'
report_ip_status -name ip_status 
upgrade_ip -vlnv user.org:user:myip:1.0 [get_ips  design_1_myip_0_0] -log ip_upgrade.log
Upgrading 'C:/Users/KHJ/Desktop/HSD/HSD_LAB/lab10.3/lab10.3.srcs/sources_1/bd/design_1/design_1.bd'
INFO: [IP_Flow 19-3422] Upgraded design_1_myip_0_0 (myip_v1.0 1.0) from revision 7 to revision 8
Wrote  : <C:\Users\KHJ\Desktop\HSD\HSD_LAB\lab10.3\lab10.3.srcs\sources_1\bd\design_1\design_1.bd> 
Wrote  : <C:/Users/KHJ/Desktop/HSD/HSD_LAB/lab10.3/lab10.3.srcs/sources_1/bd/design_1/ui/bd_1f5defd0.ui> 
INFO: [Coretcl 2-1525] Wrote upgrade log to 'C:/Users/KHJ/Desktop/HSD/HSD_LAB/lab10.3/ip_upgrade.log'.
export_ip_user_files -of_objects [get_ips design_1_myip_0_0] -no_script -sync -force -quiet
generate_target all [get_files  C:/Users/KHJ/Desktop/HSD/HSD_LAB/lab10.3/lab10.3.srcs/sources_1/bd/design_1/design_1.bd]
WARNING: [BD 41-2180] Resetting the memory initialization file of </blk_mem_gen_0> to default.
Wrote  : <C:\Users\KHJ\Desktop\HSD\HSD_LAB\lab10.3\lab10.3.srcs\sources_1\bd\design_1\design_1.bd> 
WARNING: [BD 41-235] Width mismatch when connecting pin: '/blk_mem_gen_0/addra'(32) to net 'axi_bram_ctrl_0_BRAM_PORTA_ADDR'(13) - Only lower order bits will be connected.
VHDL Output written to : C:/Users/KHJ/Desktop/HSD/HSD_LAB/lab10.3/lab10.3.srcs/sources_1/bd/design_1/synth/design_1.v
WARNING: [BD 41-235] Width mismatch when connecting pin: '/blk_mem_gen_0/addra'(32) to net 'axi_bram_ctrl_0_BRAM_PORTA_ADDR'(13) - Only lower order bits will be connected.
VHDL Output written to : C:/Users/KHJ/Desktop/HSD/HSD_LAB/lab10.3/lab10.3.srcs/sources_1/bd/design_1/sim/design_1.v
VHDL Output written to : C:/Users/KHJ/Desktop/HSD/HSD_LAB/lab10.3/lab10.3.srcs/sources_1/bd/design_1/hdl/design_1_wrapper.v
INFO: [BD 41-1029] Generation completed for the IP Integrator block axi_bram_ctrl_0 .
INFO: [BD 41-1029] Generation completed for the IP Integrator block axi_mem_intercon/xbar .
INFO: [BD 41-1029] Generation completed for the IP Integrator block blk_mem_gen_0 .
INFO: [BD 41-1029] Generation completed for the IP Integrator block myip_0 .
INFO: [BD 41-1029] Generation completed for the IP Integrator block processing_system7_0 .
INFO: [BD 41-1029] Generation completed for the IP Integrator block rst_ps7_0_50M .
WARNING: [IP_Flow 19-4994] Overwriting existing constraint file 'c:/Users/KHJ/Desktop/HSD/HSD_LAB/lab10.3/lab10.3.srcs/sources_1/bd/design_1/ip/design_1_auto_pc_1/design_1_auto_pc_1_ooc.xdc'
INFO: [BD 41-1029] Generation completed for the IP Integrator block axi_mem_intercon/s00_couplers/auto_pc .
WARNING: [IP_Flow 19-4994] Overwriting existing constraint file 'c:/Users/KHJ/Desktop/HSD/HSD_LAB/lab10.3/lab10.3.srcs/sources_1/bd/design_1/ip/design_1_auto_pc_0/design_1_auto_pc_0_ooc.xdc'
INFO: [BD 41-1029] Generation completed for the IP Integrator block axi_mem_intercon/m01_couplers/auto_pc .
Exporting to file C:/Users/KHJ/Desktop/HSD/HSD_LAB/lab10.3/lab10.3.srcs/sources_1/bd/design_1/hw_handoff/design_1.hwh
Generated Block Design Tcl file C:/Users/KHJ/Desktop/HSD/HSD_LAB/lab10.3/lab10.3.srcs/sources_1/bd/design_1/hw_handoff/design_1_bd.tcl
Generated Hardware Definition File C:/Users/KHJ/Desktop/HSD/HSD_LAB/lab10.3/lab10.3.srcs/sources_1/bd/design_1/synth/design_1.hwdef
generate_target: Time (s): cpu = 00:00:07 ; elapsed = 00:00:08 . Memory (MB): peak = 3491.305 ; gain = 0.000
export_ip_user_files -of_objects [get_files C:/Users/KHJ/Desktop/HSD/HSD_LAB/lab10.3/lab10.3.srcs/sources_1/bd/design_1/design_1.bd] -no_script -sync -force -quiet
export_simulation -of_objects [get_files C:/Users/KHJ/Desktop/HSD/HSD_LAB/lab10.3/lab10.3.srcs/sources_1/bd/design_1/design_1.bd] -directory C:/Users/KHJ/Desktop/HSD/HSD_LAB/lab10.3/lab10.3.ip_user_files/sim_scripts -ip_user_files_dir C:/Users/KHJ/Desktop/HSD/HSD_LAB/lab10.3/lab10.3.ip_user_files -ipstatic_source_dir C:/Users/KHJ/Desktop/HSD/HSD_LAB/lab10.3/lab10.3.ip_user_files/ipstatic -lib_map_path [list {modelsim=C:/Users/KHJ/Desktop/HSD/HSD_LAB/lab10.3/lab10.3.cache/compile_simlib/modelsim} {questa=C:/Users/KHJ/Desktop/HSD/HSD_LAB/lab10.3/lab10.3.cache/compile_simlib/questa} {riviera=C:/Users/KHJ/Desktop/HSD/HSD_LAB/lab10.3/lab10.3.cache/compile_simlib/riviera} {activehdl=C:/Users/KHJ/Desktop/HSD/HSD_LAB/lab10.3/lab10.3.cache/compile_simlib/activehdl}] -use_ip_compiled_libs -force -quiet
report_ip_status -name ip_status 
reset_run synth_1
launch_runs impl_1 -to_step write_bitstream -jobs 12
[Sat Jun 12 11:49:21 2021] Launched synth_1...
Run output will be captured here: C:/Users/KHJ/Desktop/HSD/HSD_LAB/lab10.3/lab10.3.runs/synth_1/runme.log
[Sat Jun 12 11:49:21 2021] Launched impl_1...
Run output will be captured here: C:/Users/KHJ/Desktop/HSD/HSD_LAB/lab10.3/lab10.3.runs/impl_1/runme.log
open_run impl_1
INFO: [Netlist 29-17] Analyzing 5751 Unisim elements for replacement
INFO: [Netlist 29-28] Unisim Transformation completed in 0 CPU seconds
INFO: [Project 1-479] Netlist was created with Vivado 2018.3
INFO: [Project 1-570] Preparing netlist for logic optimization
INFO: [Timing 38-478] Restoring timing data from binary archive.
INFO: [Timing 38-479] Binary timing data restore complete.
INFO: [Project 1-856] Restoring constraints from binary archive.
INFO: [Project 1-853] Binary constraint restore complete.
Reading XDEF placement.
Reading placer database...
Reading XDEF routing.
Read XDEF File: Time (s): cpu = 00:00:09 ; elapsed = 00:00:09 . Memory (MB): peak = 3491.305 ; gain = 0.000
Restored from archive | CPU: 9.000000 secs | Memory: 0.000000 MB |
Finished XDEF File Restore: Time (s): cpu = 00:00:09 ; elapsed = 00:00:09 . Memory (MB): peak = 3491.305 ; gain = 0.000
Generating merged BMM file for the design top 'design_1_wrapper'...
Netlist sorting complete. Time (s): cpu = 00:00:00 ; elapsed = 00:00:00.207 . Memory (MB): peak = 3491.305 ; gain = 0.000
INFO: [Project 1-111] Unisim Transformation Summary:
  A total of 2 instances were transformed.
  SRLC32E => SRL16E: 2 instances

open_run: Time (s): cpu = 00:00:57 ; elapsed = 00:00:54 . Memory (MB): peak = 3491.305 ; gain = 0.000
WARNING: [Designutils 20-3303] unexpected site type 'IOPAD' in HDPYFinalizeIO
WARNING: [Designutils 20-3303] unexpected site type 'IOPAD' in HDPYFinalizeIO
WARNING: [Designutils 20-3303] unexpected site type 'IOPAD' in HDPYFinalizeIO
WARNING: [Designutils 20-3303] unexpected site type 'IOPAD' in HDPYFinalizeIO
WARNING: [Designutils 20-3303] unexpected site type 'IOPAD' in HDPYFinalizeIO
WARNING: [Designutils 20-3303] unexpected site type 'IOPAD' in HDPYFinalizeIO
WARNING: [Designutils 20-3303] unexpected site type 'IOPAD' in HDPYFinalizeIO
WARNING: [Designutils 20-3303] unexpected site type 'IOPAD' in HDPYFinalizeIO
WARNING: [Designutils 20-3303] unexpected site type 'IOPAD' in HDPYFinalizeIO
WARNING: [Designutils 20-3303] unexpected site type 'IOPAD' in HDPYFinalizeIO
WARNING: [Designutils 20-3303] unexpected site type 'IOPAD' in HDPYFinalizeIO
WARNING: [Designutils 20-3303] unexpected site type 'IOPAD' in HDPYFinalizeIO
WARNING: [Designutils 20-3303] unexpected site type 'IOPAD' in HDPYFinalizeIO
WARNING: [Designutils 20-3303] unexpected site type 'IOPAD' in HDPYFinalizeIO
WARNING: [Designutils 20-3303] unexpected site type 'IOPAD' in HDPYFinalizeIO
WARNING: [Designutils 20-3303] unexpected site type 'IOPAD' in HDPYFinalizeIO
WARNING: [Designutils 20-3303] unexpected site type 'IOPAD' in HDPYFinalizeIO
WARNING: [Designutils 20-3303] unexpected site type 'IOPAD' in HDPYFinalizeIO
WARNING: [Designutils 20-3303] unexpected site type 'IOPAD' in HDPYFinalizeIO
WARNING: [Designutils 20-3303] unexpected site type 'IOPAD' in HDPYFinalizeIO
WARNING: [Designutils 20-3303] unexpected site type 'IOPAD' in HDPYFinalizeIO
WARNING: [Designutils 20-3303] unexpected site type 'IOPAD' in HDPYFinalizeIO
WARNING: [Designutils 20-3303] unexpected site type 'IOPAD' in HDPYFinalizeIO
WARNING: [Designutils 20-3303] unexpected site type 'IOPAD' in HDPYFinalizeIO
WARNING: [Designutils 20-3303] unexpected site type 'IOPAD' in HDPYFinalizeIO
WARNING: [Designutils 20-3303] unexpected site type 'IOPAD' in HDPYFinalizeIO
WARNING: [Designutils 20-3303] unexpected site type 'IOPAD' in HDPYFinalizeIO
WARNING: [Designutils 20-3303] unexpected site type 'IOPAD' in HDPYFinalizeIO
WARNING: [Designutils 20-3303] unexpected site type 'IOPAD' in HDPYFinalizeIO
WARNING: [Designutils 20-3303] unexpected site type 'IOPAD' in HDPYFinalizeIO
WARNING: [Designutils 20-3303] unexpected site type 'IOPAD' in HDPYFinalizeIO
WARNING: [Designutils 20-3303] unexpected site type 'IOPAD' in HDPYFinalizeIO
WARNING: [Designutils 20-3303] unexpected site type 'IOPAD' in HDPYFinalizeIO
WARNING: [Designutils 20-3303] unexpected site type 'IOPAD' in HDPYFinalizeIO
WARNING: [Designutils 20-3303] unexpected site type 'IOPAD' in HDPYFinalizeIO
WARNING: [Designutils 20-3303] unexpected site type 'IOPAD' in HDPYFinalizeIO
WARNING: [Designutils 20-3303] unexpected site type 'IOPAD' in HDPYFinalizeIO
WARNING: [Designutils 20-3303] unexpected site type 'IOPAD' in HDPYFinalizeIO
WARNING: [Designutils 20-3303] unexpected site type 'IOPAD' in HDPYFinalizeIO
WARNING: [Designutils 20-3303] unexpected site type 'IOPAD' in HDPYFinalizeIO
WARNING: [Designutils 20-3303] unexpected site type 'IOPAD' in HDPYFinalizeIO
WARNING: [Designutils 20-3303] unexpected site type 'IOPAD' in HDPYFinalizeIO
WARNING: [Designutils 20-3303] unexpected site type 'IOPAD' in HDPYFinalizeIO
WARNING: [Designutils 20-3303] unexpected site type 'IOPAD' in HDPYFinalizeIO
WARNING: [Designutils 20-3303] unexpected site type 'IOPAD' in HDPYFinalizeIO
WARNING: [Designutils 20-3303] unexpected site type 'IOPAD' in HDPYFinalizeIO
WARNING: [Designutils 20-3303] unexpected site type 'IOPAD' in HDPYFinalizeIO
WARNING: [Designutils 20-3303] unexpected site type 'IOPAD' in HDPYFinalizeIO
WARNING: [Designutils 20-3303] unexpected site type 'IOPAD' in HDPYFinalizeIO
WARNING: [Designutils 20-3303] unexpected site type 'IOPAD' in HDPYFinalizeIO
WARNING: [Designutils 20-3303] unexpected site type 'IOPAD' in HDPYFinalizeIO
WARNING: [Designutils 20-3303] unexpected site type 'IOPAD' in HDPYFinalizeIO
WARNING: [Designutils 20-3303] unexpected site type 'IOPAD' in HDPYFinalizeIO
WARNING: [Designutils 20-3303] unexpected site type 'IOPAD' in HDPYFinalizeIO
WARNING: [Designutils 20-3303] unexpected site type 'IOPAD' in HDPYFinalizeIO
WARNING: [Designutils 20-3303] unexpected site type 'IOPAD' in HDPYFinalizeIO
WARNING: [Designutils 20-3303] unexpected site type 'IOPAD' in HDPYFinalizeIO
WARNING: [Designutils 20-3303] unexpected site type 'IOPAD' in HDPYFinalizeIO
WARNING: [Designutils 20-3303] unexpected site type 'IOPAD' in HDPYFinalizeIO
WARNING: [Designutils 20-3303] unexpected site type 'IOPAD' in HDPYFinalizeIO
WARNING: [Designutils 20-3303] unexpected site type 'IOPAD' in HDPYFinalizeIO
WARNING: [Designutils 20-3303] unexpected site type 'IOPAD' in HDPYFinalizeIO
WARNING: [Designutils 20-3303] unexpected site type 'IOPAD' in HDPYFinalizeIO
WARNING: [Designutils 20-3303] unexpected site type 'IOPAD' in HDPYFinalizeIO
WARNING: [Designutils 20-3303] unexpected site type 'IOPAD' in HDPYFinalizeIO
WARNING: [Designutils 20-3303] unexpected site type 'IOPAD' in HDPYFinalizeIO
WARNING: [Designutils 20-3303] unexpected site type 'IOPAD' in HDPYFinalizeIO
WARNING: [Designutils 20-3303] unexpected site type 'IOPAD' in HDPYFinalizeIO
WARNING: [Designutils 20-3303] unexpected site type 'IOPAD' in HDPYFinalizeIO
WARNING: [Designutils 20-3303] unexpected site type 'IOPAD' in HDPYFinalizeIO
WARNING: [Designutils 20-3303] unexpected site type 'IOPAD' in HDPYFinalizeIO
WARNING: [Designutils 20-3303] unexpected site type 'IOPAD' in HDPYFinalizeIO
WARNING: [Designutils 20-3303] unexpected site type 'IOPAD' in HDPYFinalizeIO
WARNING: [Designutils 20-3303] unexpected site type 'IOPAD' in HDPYFinalizeIO
WARNING: [Designutils 20-3303] unexpected site type 'IOPAD' in HDPYFinalizeIO
WARNING: [Designutils 20-3303] unexpected site type 'IOPAD' in HDPYFinalizeIO
WARNING: [Designutils 20-3303] unexpected site type 'IOPAD' in HDPYFinalizeIO
WARNING: [Designutils 20-3303] unexpected site type 'IOPAD' in HDPYFinalizeIO
WARNING: [Designutils 20-3303] unexpected site type 'IOPAD' in HDPYFinalizeIO
WARNING: [Designutils 20-3303] unexpected site type 'IOPAD' in HDPYFinalizeIO
WARNING: [Designutils 20-3303] unexpected site type 'IOPAD' in HDPYFinalizeIO
WARNING: [Designutils 20-3303] unexpected site type 'IOPAD' in HDPYFinalizeIO
WARNING: [Designutils 20-3303] unexpected site type 'IOPAD' in HDPYFinalizeIO
WARNING: [Designutils 20-3303] unexpected site type 'IOPAD' in HDPYFinalizeIO
WARNING: [Designutils 20-3303] unexpected site type 'IOPAD' in HDPYFinalizeIO
WARNING: [Designutils 20-3303] unexpected site type 'IOPAD' in HDPYFinalizeIO
WARNING: [Designutils 20-3303] unexpected site type 'IOPAD' in HDPYFinalizeIO
WARNING: [Designutils 20-3303] unexpected site type 'IOPAD' in HDPYFinalizeIO
WARNING: [Designutils 20-3303] unexpected site type 'IOPAD' in HDPYFinalizeIO
WARNING: [Designutils 20-3303] unexpected site type 'IOPAD' in HDPYFinalizeIO
WARNING: [Designutils 20-3303] unexpected site type 'IOPAD' in HDPYFinalizeIO
WARNING: [Designutils 20-3303] unexpected site type 'IOPAD' in HDPYFinalizeIO
WARNING: [Designutils 20-3303] unexpected site type 'IOPAD' in HDPYFinalizeIO
WARNING: [Designutils 20-3303] unexpected site type 'IOPAD' in HDPYFinalizeIO
WARNING: [Designutils 20-3303] unexpected site type 'IOPAD' in HDPYFinalizeIO
WARNING: [Designutils 20-3303] unexpected site type 'IOPAD' in HDPYFinalizeIO
WARNING: [Designutils 20-3303] unexpected site type 'IOPAD' in HDPYFinalizeIO
WARNING: [Designutils 20-3303] unexpected site type 'IOPAD' in HDPYFinalizeIO
WARNING: [Designutils 20-3303] unexpected site type 'IOPAD' in HDPYFinalizeIO
WARNING: [Designutils 20-3303] unexpected site type 'IOPAD' in HDPYFinalizeIO
INFO: [Common 17-14] Message 'Designutils 20-3303' appears 100 times and further instances of the messages will be disabled. Use the Tcl command set_msg_config to change the current settings.
open_report: Time (s): cpu = 00:00:42 ; elapsed = 00:00:23 . Memory (MB): peak = 3708.910 ; gain = 217.605
exit
INFO: [Common 17-206] Exiting Vivado at Sat Jun 12 12:23:03 2021...
